                        .module justinitialize_PORTB.c
                        .area text(rom, con, rel)
 0000                   .dbfile G:\mega48\justinitialize_PORTB.c
                        .area data(ram, con, rel)
 0000                   .dbfile G:\mega48\justinitialize_PORTB.c
 0000           _old_PORTC::
 0000                   .blkb 1
                        .area idata
 0000 00                .byte 0
                        .area data(ram, con, rel)
 0001                   .dbfile G:\mega48\justinitialize_PORTB.c
 0001                   .dbsym e old_PORTC _old_PORTC c
                        .area text(rom, con, rel)
 0000                   .dbfile G:\mega48\justinitialize_PORTB.c
 0000                   .dbfunc e main _main fV
                        .even
 0000           _main::
 0000                   .dbline -1
 0000                   .dbline 25
 0000           ; //*************************************************************
 0000           ; //file name: testbench_atmega48_trial1.c
 0000           ; //function: provides test bench for ATMEL AVR ATmega48 controller
 0000           ; //target controller: ATMEL ATmega48
 0000           ; //
 0000           ; //ATMEL AVR ATmega48 Controller Pin Assignments
 0000           ; //Chip Port Function I/O Source/Dest Asserted Notes
 0000           ; 
 0000           ; //orginal authors: Steven Barrett and Daniel Pack
 0000           ; //modifying author: Barry Blaha
 0000           ; //created: July 12, 2007
 0000           ; //last revised: February 25, 2008
 0000           ; //***************************************************************
 0000           ; //include files**************************************************
 0000           ; #include<iom48v.h>                            //ImageCraft ICC AVR
 0000           ;                                                               //include file
 0000           ; //for ATmega48
 0000           ; //function prototypes********************************************
 0000           ; void initialize_ports(void);  //initializes ports
 0000           ; //main program***************************************************
 0000           ; //global variables
 0000           ; unsigned char old_PORTC = 0x00; //present value of PORTC
 0000           ; unsigned char new_PORTC;              //new values of PORTC
 0000           ; void main(void)
 0000           ; {
 0000                   .dbline 26
 0000           ; initialize_ports();                   //initialize ports
 0000 12D0              rcall _initialize_ports
 0002 0FC0              rjmp L3
 0004           L2:
 0004                   .dbline 27
 0004           ; while(1){//main loop
 0004                   .dbline 28
 0004           ;       new_PORTC = PINC;                       //read PORTC
 0004 26B0              in R2,0x6
 0006 20920000          sts _new_PORTC,R2
 000A                   .dbline 29
 000A           ;       if(new_PORTC != old_PORTC){ //process change
 000A 20900000          lds R2,_old_PORTC
 000E 30900000          lds R3,_new_PORTC
 0012 3214              cp R3,R2
 0014 11F0              breq L5
 0016           X0:
 0016                   .dbline 29
 0016                   .dbline 30
 0016           ;                       PORTB=PINC;
 0016 26B0              in R2,0x6
 0018 25B8              out 0x5,R2
 001A                   .dbline 31
 001A           ;         }                                             //end if new_PORTC
 001A           L5:
 001A                   .dbline 32
 001A           ;               old_PORTC=new_PORTC;    //update PORTC
 001A 20900000          lds R2,_new_PORTC
 001E 20920000          sts _old_PORTC,R2
 0022                   .dbline 33
 0022           ;       }                                                       //end while(1)
 0022           L3:
 0022                   .dbline 27
 0022 F0CF              rjmp L2
 0024           X1:
 0024                   .dbline -2
 0024           L1:
 0024                   .dbline 0 ; func end
 0024 0895              ret
 0026                   .dbend
 0026                   .dbfunc e initialize_ports _initialize_ports fV
                        .even
 0026           _initialize_ports::
 0026                   .dbline -1
 0026                   .dbline 42
 0026           ; }                                                             //end main
 0026           ; //***************************************************************
 0026           ; //function definitions
 0026           ; //***************************************************************
 0026           ; //***************************************************************
 0026           ; //initialize_ports: provides initial configuration for I/O ports
 0026           ; //***************************************************************
 0026           ; void initialize_ports(void)
 0026           ; {
 0026                   .dbline 44
 0026           ; 
 0026           ; DDRB=0xff;                                            //PORTB as output
 0026 8FEF              ldi R24,255
 0028 84B9              out 0x4,R24
 002A                   .dbline 45
 002A           ; PORTB=0x00;                                           //initialize PORTB low
 002A 2224              clr R2
 002C 25B8              out 0x5,R2
 002E                   .dbline 48
 002E           ;       //PORTB is not being used
 002E           ; 
 002E           ; DDRC=0x00;                                            //PORTC[7:0] as input
 002E 27B8              out 0x7,R2
 0030                   .dbline 49
 0030           ; PORTC=0x00;                                   //disable PORTC
 0030 28B8              out 0x8,R2
 0032                   .dbline 52
 0032           ;       //pull-up resistors
 0032           ; 
 0032           ; DDRD=0xff;                                            //set PORTD as output
 0032 8AB9              out 0xa,R24
 0034                   .dbline 53
 0034           ; PORTD=0x00;                                   //initialize low
 0034 2BB8              out 0xb,R2
 0036                   .dbline -2
 0036           L7:
 0036                   .dbline 0 ; func end
 0036 0895              ret
 0038                   .dbend
                        .area bss(ram, con, rel)
 0000                   .dbfile G:\mega48\justinitialize_PORTB.c
 0000           _new_PORTC::
 0000                   .blkb 1
 0001                   .dbsym e new_PORTC _new_PORTC c
 0001           ;       //port D is the output port with LEDS
 0001           ; }
 0001           ; //***************************************************************
 0001           ; 
